<?xml version="1.0" encoding="utf-8"?><testsuites name="pytest tests"><testsuite name="pytest" errors="0" failures="0" skipped="0" tests="7" time="0.691" timestamp="2026-05-09T07:51:18.119274+00:00" hostname="agent-env-8e0ce0c1-1d89-4455-a1f1-34071dc2e457"><testcase classname="backend.tests.test_api" name="test_health" time="0.208" /><testcase classname="backend.tests.test_api" name="test_root" time="0.044" /><testcase classname="backend.tests.test_api" name="test_contact_create_and_list" time="0.101" /><testcase classname="backend.tests.test_api" name="test_contact_invalid_email" time="0.046" /><testcase classname="backend.tests.test_api" name="test_quote_create_and_list" time="0.106" /><testcase classname="backend.tests.test_api" name="test_career_create" time="0.061" /><testcase classname="backend.tests.test_api" name="test_career_minimal" time="0.045" /></testsuite></testsuites>