<?xml version="1.0" encoding="utf-8"?><testsuites name="pytest tests"><testsuite name="pytest" errors="0" failures="0" skipped="0" tests="8" time="0.969" timestamp="2026-05-15T15:42:13.583445+00:00" hostname="agent-env-8e0ce0c1-1d89-4455-a1f1-34071dc2e457"><testcase classname="backend.tests.test_api" name="test_health" time="0.286" /><testcase classname="backend.tests.test_api" name="test_quote_with_brochure_product" time="0.075" /><testcase classname="backend.tests.test_api" name="test_root" time="0.051" /><testcase classname="backend.tests.test_api" name="test_contact_create_and_list" time="0.132" /><testcase classname="backend.tests.test_api" name="test_contact_invalid_email" time="0.053" /><testcase classname="backend.tests.test_api" name="test_quote_create_and_list" time="0.103" /><testcase classname="backend.tests.test_api" name="test_career_create" time="0.057" /><testcase classname="backend.tests.test_api" name="test_career_minimal" time="0.055" /></testsuite></testsuites>